e:\projects\c++\vs\_patterns\_patterns_gof_creational\abstractfactory\abstractfactory\release\vc140.pdb
e:\projects\c++\vs\_patterns\_patterns_gof_creational\abstractfactory\abstractfactory\release\romanwarior.obj
e:\projects\c++\vs\_patterns\_patterns_gof_creational\abstractfactory\abstractfactory\release\romanhorseman.obj
e:\projects\c++\vs\_patterns\_patterns_gof_creational\abstractfactory\abstractfactory\release\romanarmyfactory.obj
e:\projects\c++\vs\_patterns\_patterns_gof_creational\abstractfactory\abstractfactory\release\romanarcher.obj
e:\projects\c++\vs\_patterns\_patterns_gof_creational\abstractfactory\abstractfactory\release\main.obj
e:\projects\c++\vs\_patterns\_patterns_gof_creational\abstractfactory\abstractfactory\release\iwarior.obj
e:\projects\c++\vs\_patterns\_patterns_gof_creational\abstractfactory\abstractfactory\release\ihorseman.obj
e:\projects\c++\vs\_patterns\_patterns_gof_creational\abstractfactory\abstractfactory\release\iarcher.obj
e:\projects\c++\vs\_patterns\_patterns_gof_creational\abstractfactory\abstractfactory\release\germanwarior.obj
e:\projects\c++\vs\_patterns\_patterns_gof_creational\abstractfactory\abstractfactory\release\germanhorseman.obj
e:\projects\c++\vs\_patterns\_patterns_gof_creational\abstractfactory\abstractfactory\release\germanarmyfactory.obj
e:\projects\c++\vs\_patterns\_patterns_gof_creational\abstractfactory\abstractfactory\release\germanarcher.obj
e:\projects\c++\vs\_patterns\_patterns_gof_creational\abstractfactory\abstractfactory\release\game.obj
e:\projects\c++\vs\_patterns\_patterns_gof_creational\abstractfactory\abstractfactory\release\army.obj
e:\projects\c++\vs\_patterns\_patterns_gof_creational\abstractfactory\release\abstractfactory.exe
e:\projects\c++\vs\_patterns\_patterns_gof_creational\abstractfactory\release\abstractfactory.ipdb
e:\projects\c++\vs\_patterns\_patterns_gof_creational\abstractfactory\release\abstractfactory.iobj
e:\projects\c++\vs\_patterns\_patterns_gof_creational\abstractfactory\release\abstractfactory.pdb
e:\projects\c++\vs\_patterns\_patterns_gof_creational\abstractfactory\abstractfactory\release\abstractfactory.tlog\cl.command.1.tlog
e:\projects\c++\vs\_patterns\_patterns_gof_creational\abstractfactory\abstractfactory\release\abstractfactory.tlog\cl.read.1.tlog
e:\projects\c++\vs\_patterns\_patterns_gof_creational\abstractfactory\abstractfactory\release\abstractfactory.tlog\cl.write.1.tlog
e:\projects\c++\vs\_patterns\_patterns_gof_creational\abstractfactory\abstractfactory\release\abstractfactory.tlog\link.command.1.tlog
e:\projects\c++\vs\_patterns\_patterns_gof_creational\abstractfactory\abstractfactory\release\abstractfactory.tlog\link.read.1.tlog
e:\projects\c++\vs\_patterns\_patterns_gof_creational\abstractfactory\abstractfactory\release\abstractfactory.tlog\link.write.1.tlog
